[debug] [2024-10-09T15:31:02.447Z] ----------------------------------------------------------------------
[debug] [2024-10-09T15:31:02.452Z] Command:       /usr/local/bin/node /usr/local/bin/firebase deploy --only functions
[debug] [2024-10-09T15:31:02.452Z] CLI Version:   13.22.0
[debug] [2024-10-09T15:31:02.452Z] Platform:      darwin
[debug] [2024-10-09T15:31:02.452Z] Node Version:  v20.18.0
[debug] [2024-10-09T15:31:02.452Z] Time:          Wed Oct 09 2024 17:31:02 GMT+0200 (Central European Summer Time)
[debug] [2024-10-09T15:31:02.452Z] ----------------------------------------------------------------------
[debug] 
[debug] [2024-10-09T15:31:02.492Z] > command requires scopes: ["email","openid","https://www.googleapis.com/auth/cloudplatformprojects.readonly","https://www.googleapis.com/auth/firebase","https://www.googleapis.com/auth/cloud-platform"]
[debug] [2024-10-09T15:31:02.492Z] > authorizing via signed-in user (atanasoski992@gmail.com)
[debug] [2024-10-09T15:31:02.492Z] [iam] checking project testcase-89d6c for permissions ["cloudfunctions.functions.create","cloudfunctions.functions.delete","cloudfunctions.functions.get","cloudfunctions.functions.list","cloudfunctions.functions.update","cloudfunctions.operations.get","firebase.projects.get"]
[debug] [2024-10-09T15:31:02.493Z] Checked if tokens are valid: true, expires at: 1728488786110
[debug] [2024-10-09T15:31:02.493Z] Checked if tokens are valid: true, expires at: 1728488786110
[debug] [2024-10-09T15:31:02.493Z] >>> [apiv2][query] POST https://cloudresourcemanager.googleapis.com/v1/projects/testcase-89d6c:testIamPermissions [none]
[debug] [2024-10-09T15:31:02.493Z] >>> [apiv2][(partial)header] POST https://cloudresourcemanager.googleapis.com/v1/projects/testcase-89d6c:testIamPermissions x-goog-quota-user=projects/testcase-89d6c
[debug] [2024-10-09T15:31:02.494Z] >>> [apiv2][body] POST https://cloudresourcemanager.googleapis.com/v1/projects/testcase-89d6c:testIamPermissions {"permissions":["cloudfunctions.functions.create","cloudfunctions.functions.delete","cloudfunctions.functions.get","cloudfunctions.functions.list","cloudfunctions.functions.update","cloudfunctions.operations.get","firebase.projects.get"]}
[debug] [2024-10-09T15:31:03.687Z] <<< [apiv2][status] POST https://cloudresourcemanager.googleapis.com/v1/projects/testcase-89d6c:testIamPermissions 200
[debug] [2024-10-09T15:31:03.687Z] <<< [apiv2][body] POST https://cloudresourcemanager.googleapis.com/v1/projects/testcase-89d6c:testIamPermissions {"permissions":["cloudfunctions.functions.create","cloudfunctions.functions.delete","cloudfunctions.functions.get","cloudfunctions.functions.list","cloudfunctions.functions.update","cloudfunctions.operations.get","firebase.projects.get"]}
[debug] [2024-10-09T15:31:03.687Z] Checked if tokens are valid: true, expires at: 1728488786110
[debug] [2024-10-09T15:31:03.687Z] Checked if tokens are valid: true, expires at: 1728488786110
[debug] [2024-10-09T15:31:03.687Z] >>> [apiv2][query] POST https://iam.googleapis.com/v1/projects/testcase-89d6c/serviceAccounts/testcase-89d6c@appspot.gserviceaccount.com:testIamPermissions [none]
[debug] [2024-10-09T15:31:03.687Z] >>> [apiv2][body] POST https://iam.googleapis.com/v1/projects/testcase-89d6c/serviceAccounts/testcase-89d6c@appspot.gserviceaccount.com:testIamPermissions {"permissions":["iam.serviceAccounts.actAs"]}
[debug] [2024-10-09T15:31:04.841Z] <<< [apiv2][status] POST https://iam.googleapis.com/v1/projects/testcase-89d6c/serviceAccounts/testcase-89d6c@appspot.gserviceaccount.com:testIamPermissions 200
[debug] [2024-10-09T15:31:04.841Z] <<< [apiv2][body] POST https://iam.googleapis.com/v1/projects/testcase-89d6c/serviceAccounts/testcase-89d6c@appspot.gserviceaccount.com:testIamPermissions {"permissions":["iam.serviceAccounts.actAs"]}
[info] 
[info] === Deploying to 'testcase-89d6c'...
[info] 
[info] i  deploying functions 
[info] Running command: npm --prefix "$RESOURCE_DIR" run build
[info] ✔  functions: Finished running predeploy script. 
[debug] [2024-10-09T15:31:05.972Z] Checked if tokens are valid: true, expires at: 1728488786110
[debug] [2024-10-09T15:31:05.972Z] Checked if tokens are valid: true, expires at: 1728488786110
[debug] [2024-10-09T15:31:05.972Z] >>> [apiv2][query] GET https://firebase.googleapis.com/v1beta1/projects/testcase-89d6c [none]
[debug] [2024-10-09T15:31:06.521Z] <<< [apiv2][status] GET https://firebase.googleapis.com/v1beta1/projects/testcase-89d6c 200
[debug] [2024-10-09T15:31:06.521Z] <<< [apiv2][body] GET https://firebase.googleapis.com/v1beta1/projects/testcase-89d6c {"projectId":"testcase-89d6c","projectNumber":"584670232512","displayName":"Testcase","name":"projects/testcase-89d6c","resources":{"hostingSite":"testcase-89d6c"},"state":"ACTIVE","etag":"1_159df329-a0fd-4ec0-9fe1-1fe76bfea803"}
[info] i  functions: preparing codebase default for deployment 
[info] i  functions: ensuring required API cloudfunctions.googleapis.com is enabled... 
[debug] [2024-10-09T15:31:06.522Z] Checked if tokens are valid: true, expires at: 1728488786110
[debug] [2024-10-09T15:31:06.522Z] Checked if tokens are valid: true, expires at: 1728488786110
[debug] [2024-10-09T15:31:06.522Z] Checked if tokens are valid: true, expires at: 1728488786110
[debug] [2024-10-09T15:31:06.522Z] Checked if tokens are valid: true, expires at: 1728488786110
[info] i  functions: ensuring required API cloudbuild.googleapis.com is enabled... 
[debug] [2024-10-09T15:31:06.523Z] Checked if tokens are valid: true, expires at: 1728488786110
[debug] [2024-10-09T15:31:06.523Z] Checked if tokens are valid: true, expires at: 1728488786110
[info] i  artifactregistry: ensuring required API artifactregistry.googleapis.com is enabled... 
[debug] [2024-10-09T15:31:06.523Z] Checked if tokens are valid: true, expires at: 1728488786110
[debug] [2024-10-09T15:31:06.523Z] Checked if tokens are valid: true, expires at: 1728488786110
[debug] [2024-10-09T15:31:06.523Z] >>> [apiv2][query] GET https://serviceusage.googleapis.com/v1/projects/testcase-89d6c/services/cloudfunctions.googleapis.com [none]
[debug] [2024-10-09T15:31:06.523Z] >>> [apiv2][(partial)header] GET https://serviceusage.googleapis.com/v1/projects/testcase-89d6c/services/cloudfunctions.googleapis.com x-goog-quota-user=projects/testcase-89d6c
[debug] [2024-10-09T15:31:06.525Z] >>> [apiv2][query] GET https://serviceusage.googleapis.com/v1/projects/testcase-89d6c/services/runtimeconfig.googleapis.com [none]
[debug] [2024-10-09T15:31:06.525Z] >>> [apiv2][(partial)header] GET https://serviceusage.googleapis.com/v1/projects/testcase-89d6c/services/runtimeconfig.googleapis.com x-goog-quota-user=projects/testcase-89d6c
[debug] [2024-10-09T15:31:06.527Z] >>> [apiv2][query] GET https://serviceusage.googleapis.com/v1/projects/testcase-89d6c/services/cloudbuild.googleapis.com [none]
[debug] [2024-10-09T15:31:06.527Z] >>> [apiv2][(partial)header] GET https://serviceusage.googleapis.com/v1/projects/testcase-89d6c/services/cloudbuild.googleapis.com x-goog-quota-user=projects/testcase-89d6c
[debug] [2024-10-09T15:31:06.528Z] >>> [apiv2][query] GET https://serviceusage.googleapis.com/v1/projects/testcase-89d6c/services/artifactregistry.googleapis.com [none]
[debug] [2024-10-09T15:31:06.528Z] >>> [apiv2][(partial)header] GET https://serviceusage.googleapis.com/v1/projects/testcase-89d6c/services/artifactregistry.googleapis.com x-goog-quota-user=projects/testcase-89d6c
[debug] [2024-10-09T15:31:07.750Z] <<< [apiv2][status] GET https://serviceusage.googleapis.com/v1/projects/testcase-89d6c/services/cloudfunctions.googleapis.com 200
[debug] [2024-10-09T15:31:07.751Z] <<< [apiv2][body] GET https://serviceusage.googleapis.com/v1/projects/testcase-89d6c/services/cloudfunctions.googleapis.com [omitted]
[info] ✔  functions: required API cloudfunctions.googleapis.com is enabled 
[debug] [2024-10-09T15:31:07.794Z] <<< [apiv2][status] GET https://serviceusage.googleapis.com/v1/projects/testcase-89d6c/services/runtimeconfig.googleapis.com 200
[debug] [2024-10-09T15:31:07.794Z] <<< [apiv2][body] GET https://serviceusage.googleapis.com/v1/projects/testcase-89d6c/services/runtimeconfig.googleapis.com [omitted]
[debug] [2024-10-09T15:31:07.796Z] <<< [apiv2][status] GET https://serviceusage.googleapis.com/v1/projects/testcase-89d6c/services/artifactregistry.googleapis.com 200
[debug] [2024-10-09T15:31:07.797Z] <<< [apiv2][body] GET https://serviceusage.googleapis.com/v1/projects/testcase-89d6c/services/artifactregistry.googleapis.com [omitted]
[info] ✔  artifactregistry: required API artifactregistry.googleapis.com is enabled 
[debug] [2024-10-09T15:31:08.201Z] <<< [apiv2][status] GET https://serviceusage.googleapis.com/v1/projects/testcase-89d6c/services/cloudbuild.googleapis.com 200
[debug] [2024-10-09T15:31:08.201Z] <<< [apiv2][body] GET https://serviceusage.googleapis.com/v1/projects/testcase-89d6c/services/cloudbuild.googleapis.com [omitted]
[info] ✔  functions: required API cloudbuild.googleapis.com is enabled 
[debug] [2024-10-09T15:31:08.201Z] Checked if tokens are valid: true, expires at: 1728488786110
[debug] [2024-10-09T15:31:08.201Z] Checked if tokens are valid: true, expires at: 1728488786110
[debug] [2024-10-09T15:31:08.201Z] >>> [apiv2][query] GET https://firebase.googleapis.com/v1beta1/projects/testcase-89d6c/adminSdkConfig [none]
[debug] [2024-10-09T15:31:08.623Z] <<< [apiv2][status] GET https://firebase.googleapis.com/v1beta1/projects/testcase-89d6c/adminSdkConfig 200
[debug] [2024-10-09T15:31:08.624Z] <<< [apiv2][body] GET https://firebase.googleapis.com/v1beta1/projects/testcase-89d6c/adminSdkConfig {"projectId":"testcase-89d6c","storageBucket":"testcase-89d6c.appspot.com"}
[debug] [2024-10-09T15:31:08.624Z] Checked if tokens are valid: true, expires at: 1728488786110
[debug] [2024-10-09T15:31:08.624Z] Checked if tokens are valid: true, expires at: 1728488786110
[debug] [2024-10-09T15:31:08.624Z] >>> [apiv2][query] GET https://runtimeconfig.googleapis.com/v1beta1/projects/testcase-89d6c/configs [none]
[debug] [2024-10-09T15:31:09.136Z] <<< [apiv2][status] GET https://runtimeconfig.googleapis.com/v1beta1/projects/testcase-89d6c/configs 200
[debug] [2024-10-09T15:31:09.136Z] <<< [apiv2][body] GET https://runtimeconfig.googleapis.com/v1beta1/projects/testcase-89d6c/configs {}
[debug] [2024-10-09T15:31:09.137Z] Validating nodejs source
[warn] ⚠  functions: package.json indicates an outdated version of firebase-functions. Please upgrade using npm install --save firebase-functions@latest in your functions directory. 
[warn] ⚠  functions: Please note that there will be breaking changes when you upgrade. 
[debug] [2024-10-09T15:31:09.919Z] > [functions] package.json contents: {
  "name": "functions",
  "scripts": {
    "build": "tsc",
    "build:watch": "tsc --watch",
    "serve": "npm run build && firebase emulators:start --only functions",
    "shell": "npm run build && firebase functions:shell",
    "start": "npm run shell",
    "deploy": "firebase deploy --only functions",
    "logs": "firebase functions:log"
  },
  "engines": {
    "node": "18"
  },
  "main": "lib/index.js",
  "dependencies": {
    "firebase-admin": "^12.1.0",
    "firebase-functions": "^5.0.0",
    "axios": "^0.21.1",
    "dotenv": "^10.0.0",
    "express": "^4.21.0",
    "firebase": "^9.0.0",
    "firebase-tools": "^13.22.0"
  },
  "devDependencies": {
    "firebase-functions-test": "^3.1.0",
    "typescript": "^4.9.0",
    "@types/dotenv": "^6.1.1",
    "@types/express": "^4.17.11",
    "nodemon": "^3.1.7",
    "ts-node": "^10.9.2"
  },
  "private": true
}
[debug] [2024-10-09T15:31:09.919Z] Building nodejs source
[info] i  functions: Loading and analyzing source code for codebase default to determine what to deploy 
[debug] [2024-10-09T15:31:09.920Z] Could not find functions.yaml. Must use http discovery
[debug] [2024-10-09T15:31:09.926Z] Found firebase-functions binary at '/Users/kirilatanasoski/Desktop/Projects/testcase/functions/node_modules/.bin/firebase-functions'
[info] Serving at port 8516

[debug] [2024-10-09T15:31:10.185Z] Got response from /__/functions.yaml {"endpoints":{"testCaseApp":{"availableMemoryMb":null,"timeoutSeconds":null,"minInstances":null,"maxInstances":null,"ingressSettings":null,"concurrency":null,"serviceAccountEmail":null,"vpc":null,"platform":"gcfv2","labels":{},"httpsTrigger":{},"entryPoint":"testCaseApp"}},"specVersion":"v1alpha1","requiredAPIs":[],"extensions":{}}
[info] i  extensions: ensuring required API firebaseextensions.googleapis.com is enabled... 
[debug] [2024-10-09T15:31:14.204Z] Checked if tokens are valid: true, expires at: 1728488786110
[debug] [2024-10-09T15:31:14.204Z] Checked if tokens are valid: true, expires at: 1728488786110
[debug] [2024-10-09T15:31:14.205Z] >>> [apiv2][query] GET https://serviceusage.googleapis.com/v1/projects/testcase-89d6c/services/firebaseextensions.googleapis.com [none]
[debug] [2024-10-09T15:31:14.205Z] >>> [apiv2][(partial)header] GET https://serviceusage.googleapis.com/v1/projects/testcase-89d6c/services/firebaseextensions.googleapis.com x-goog-quota-user=projects/testcase-89d6c
[debug] [2024-10-09T15:31:15.498Z] <<< [apiv2][status] GET https://serviceusage.googleapis.com/v1/projects/testcase-89d6c/services/firebaseextensions.googleapis.com 200
[debug] [2024-10-09T15:31:15.498Z] <<< [apiv2][body] GET https://serviceusage.googleapis.com/v1/projects/testcase-89d6c/services/firebaseextensions.googleapis.com [omitted]
[info] ✔  extensions: required API firebaseextensions.googleapis.com is enabled 
[debug] [2024-10-09T15:31:15.498Z] > command requires scopes: ["email","openid","https://www.googleapis.com/auth/cloudplatformprojects.readonly","https://www.googleapis.com/auth/firebase","https://www.googleapis.com/auth/cloud-platform"]
[debug] [2024-10-09T15:31:15.498Z] > authorizing via signed-in user (atanasoski992@gmail.com)
[debug] [2024-10-09T15:31:15.498Z] [iam] checking project testcase-89d6c for permissions ["firebase.projects.get","firebaseextensions.instances.list"]
[debug] [2024-10-09T15:31:15.499Z] Checked if tokens are valid: true, expires at: 1728488786110
[debug] [2024-10-09T15:31:15.499Z] Checked if tokens are valid: true, expires at: 1728488786110
[debug] [2024-10-09T15:31:15.499Z] >>> [apiv2][query] POST https://cloudresourcemanager.googleapis.com/v1/projects/testcase-89d6c:testIamPermissions [none]
[debug] [2024-10-09T15:31:15.499Z] >>> [apiv2][(partial)header] POST https://cloudresourcemanager.googleapis.com/v1/projects/testcase-89d6c:testIamPermissions x-goog-quota-user=projects/testcase-89d6c
[debug] [2024-10-09T15:31:15.499Z] >>> [apiv2][body] POST https://cloudresourcemanager.googleapis.com/v1/projects/testcase-89d6c:testIamPermissions {"permissions":["firebase.projects.get","firebaseextensions.instances.list"]}
[debug] [2024-10-09T15:31:16.586Z] <<< [apiv2][status] POST https://cloudresourcemanager.googleapis.com/v1/projects/testcase-89d6c:testIamPermissions 200
[debug] [2024-10-09T15:31:16.586Z] <<< [apiv2][body] POST https://cloudresourcemanager.googleapis.com/v1/projects/testcase-89d6c:testIamPermissions {"permissions":["firebase.projects.get","firebaseextensions.instances.list"]}
[debug] [2024-10-09T15:31:16.588Z] Checked if tokens are valid: true, expires at: 1728488786110
[debug] [2024-10-09T15:31:16.588Z] Checked if tokens are valid: true, expires at: 1728488786110
[debug] [2024-10-09T15:31:16.589Z] >>> [apiv2][query] GET https://firebaseextensions.googleapis.com/v1beta/projects/testcase-89d6c/instances pageSize=100&pageToken=
[debug] [2024-10-09T15:31:17.758Z] <<< [apiv2][status] GET https://firebaseextensions.googleapis.com/v1beta/projects/testcase-89d6c/instances 200
[debug] [2024-10-09T15:31:17.759Z] <<< [apiv2][body] GET https://firebaseextensions.googleapis.com/v1beta/projects/testcase-89d6c/instances {}
[info] i  functions: preparing functions directory for uploading... 
[info] i  functions: packaged /Users/kirilatanasoski/Desktop/Projects/testcase/functions (151.32 KB) for uploading 
[debug] [2024-10-09T15:31:17.813Z] Checked if tokens are valid: true, expires at: 1728488786110
[debug] [2024-10-09T15:31:17.813Z] Checked if tokens are valid: true, expires at: 1728488786110
[debug] [2024-10-09T15:31:17.813Z] >>> [apiv2][query] GET https://cloudfunctions.googleapis.com/v1/projects/testcase-89d6c/locations/-/functions [none]
[debug] [2024-10-09T15:31:18.710Z] <<< [apiv2][status] GET https://cloudfunctions.googleapis.com/v1/projects/testcase-89d6c/locations/-/functions 200
[debug] [2024-10-09T15:31:18.711Z] <<< [apiv2][body] GET https://cloudfunctions.googleapis.com/v1/projects/testcase-89d6c/locations/-/functions {}
[debug] [2024-10-09T15:31:18.712Z] Checked if tokens are valid: true, expires at: 1728488786110
[debug] [2024-10-09T15:31:18.712Z] Checked if tokens are valid: true, expires at: 1728488786110
[debug] [2024-10-09T15:31:18.713Z] >>> [apiv2][query] GET https://cloudfunctions.googleapis.com/v2/projects/testcase-89d6c/locations/-/functions filter=environment%3D%22GEN_2%22
[debug] [2024-10-09T15:31:19.801Z] <<< [apiv2][status] GET https://cloudfunctions.googleapis.com/v2/projects/testcase-89d6c/locations/-/functions 200
[debug] [2024-10-09T15:31:19.801Z] <<< [apiv2][body] GET https://cloudfunctions.googleapis.com/v2/projects/testcase-89d6c/locations/-/functions {"functions":[{"name":"projects/testcase-89d6c/locations/us-central1/functions/helloWorld","buildConfig":{"build":"projects/584670232512/locations/us-central1/builds/ee3f96ce-7a60-442a-9837-bd33995c3979","runtime":"nodejs18","entryPoint":"helloWorld","source":{"storageSource":{"bucket":"gcf-v2-sources-584670232512-us-central1","object":"helloWorld/function-source.zip","generation":"1728487486447565"}},"environmentVariables":{"GOOGLE_NODE_RUN_SCRIPTS":""},"dockerRepository":"projects/testcase-89d6c/locations/us-central1/repositories/gcf-artifacts","sourceProvenance":{"resolvedStorageSource":{"bucket":"gcf-v2-sources-584670232512-us-central1","object":"helloWorld/function-source.zip","generation":"1728487486447565"}},"dockerRegistry":"ARTIFACT_REGISTRY","serviceAccount":"projects/testcase-89d6c/serviceAccounts/584670232512-compute@developer.gserviceaccount.com","automaticUpdatePolicy":{}},"serviceConfig":{"service":"projects/testcase-89d6c/locations/us-central1/services/helloworld","timeoutSeconds":60,"environmentVariables":{"FIREBASE_CONFIG":"{\"projectId\":\"testcase-89d6c\",\"storageBucket\":\"testcase-89d6c.appspot.com\"}","GCLOUD_PROJECT":"testcase-89d6c","EVENTARC_CLOUD_EVENT_SOURCE":"projects/testcase-89d6c/locations/us-central1/services/helloWorld","FUNCTION_TARGET":"helloWorld","LOG_EXECUTION_ID":"true"},"maxInstanceCount":100,"ingressSettings":"ALLOW_ALL","uri":"https://helloworld-gnhaup326a-uc.a.run.app","serviceAccountEmail":"584670232512-compute@developer.gserviceaccount.com","availableMemory":"256Mi","allTrafficOnLatestRevision":true,"revision":"helloworld-00002-xas","maxInstanceRequestConcurrency":80,"availableCpu":"1"},"state":"ACTIVE","updateTime":"2024-10-09T15:26:03.296963884Z","labels":{"deployment-tool":"cli-firebase","firebase-functions-hash":"737f647653a6b9806937ef5a281d2922d67f680e"},"environment":"GEN_2","url":"https://us-central1-testcase-89d6c.cloudfunctions.net/helloWorld","createTime":"2024-10-09T15:19:29.377232786Z"}]}
[info] i  functions: ensuring required API run.googleapis.com is enabled... 
[debug] [2024-10-09T15:31:19.804Z] Checked if tokens are valid: true, expires at: 1728488786110
[debug] [2024-10-09T15:31:19.804Z] Checked if tokens are valid: true, expires at: 1728488786110
[info] i  functions: ensuring required API eventarc.googleapis.com is enabled... 
[debug] [2024-10-09T15:31:19.805Z] Checked if tokens are valid: true, expires at: 1728488786110
[debug] [2024-10-09T15:31:19.805Z] Checked if tokens are valid: true, expires at: 1728488786110
[info] i  functions: ensuring required API pubsub.googleapis.com is enabled... 
[debug] [2024-10-09T15:31:19.805Z] Checked if tokens are valid: true, expires at: 1728488786110
[debug] [2024-10-09T15:31:19.805Z] Checked if tokens are valid: true, expires at: 1728488786110
[info] i  functions: ensuring required API storage.googleapis.com is enabled... 
[debug] [2024-10-09T15:31:19.805Z] Checked if tokens are valid: true, expires at: 1728488786110
[debug] [2024-10-09T15:31:19.805Z] Checked if tokens are valid: true, expires at: 1728488786110
[debug] [2024-10-09T15:31:19.805Z] >>> [apiv2][query] GET https://serviceusage.googleapis.com/v1/projects/testcase-89d6c/services/run.googleapis.com [none]
[debug] [2024-10-09T15:31:19.805Z] >>> [apiv2][(partial)header] GET https://serviceusage.googleapis.com/v1/projects/testcase-89d6c/services/run.googleapis.com x-goog-quota-user=projects/testcase-89d6c
[debug] [2024-10-09T15:31:19.806Z] >>> [apiv2][query] GET https://serviceusage.googleapis.com/v1/projects/testcase-89d6c/services/eventarc.googleapis.com [none]
[debug] [2024-10-09T15:31:19.806Z] >>> [apiv2][(partial)header] GET https://serviceusage.googleapis.com/v1/projects/testcase-89d6c/services/eventarc.googleapis.com x-goog-quota-user=projects/testcase-89d6c
[debug] [2024-10-09T15:31:19.808Z] >>> [apiv2][query] GET https://serviceusage.googleapis.com/v1/projects/testcase-89d6c/services/pubsub.googleapis.com [none]
[debug] [2024-10-09T15:31:19.808Z] >>> [apiv2][(partial)header] GET https://serviceusage.googleapis.com/v1/projects/testcase-89d6c/services/pubsub.googleapis.com x-goog-quota-user=projects/testcase-89d6c
[debug] [2024-10-09T15:31:19.809Z] >>> [apiv2][query] GET https://serviceusage.googleapis.com/v1/projects/testcase-89d6c/services/storage.googleapis.com [none]
[debug] [2024-10-09T15:31:19.809Z] >>> [apiv2][(partial)header] GET https://serviceusage.googleapis.com/v1/projects/testcase-89d6c/services/storage.googleapis.com x-goog-quota-user=projects/testcase-89d6c
[debug] [2024-10-09T15:31:20.217Z] <<< [apiv2][status] GET https://serviceusage.googleapis.com/v1/projects/testcase-89d6c/services/run.googleapis.com 200
[debug] [2024-10-09T15:31:20.218Z] <<< [apiv2][body] GET https://serviceusage.googleapis.com/v1/projects/testcase-89d6c/services/run.googleapis.com [omitted]
[info] ✔  functions: required API run.googleapis.com is enabled 
[debug] [2024-10-09T15:31:20.971Z] <<< [apiv2][status] GET https://serviceusage.googleapis.com/v1/projects/testcase-89d6c/services/eventarc.googleapis.com 200
[debug] [2024-10-09T15:31:20.972Z] <<< [apiv2][body] GET https://serviceusage.googleapis.com/v1/projects/testcase-89d6c/services/eventarc.googleapis.com [omitted]
[info] ✔  functions: required API eventarc.googleapis.com is enabled 
[debug] [2024-10-09T15:31:20.983Z] <<< [apiv2][status] GET https://serviceusage.googleapis.com/v1/projects/testcase-89d6c/services/pubsub.googleapis.com 200
[debug] [2024-10-09T15:31:20.983Z] <<< [apiv2][body] GET https://serviceusage.googleapis.com/v1/projects/testcase-89d6c/services/pubsub.googleapis.com [omitted]
[info] ✔  functions: required API pubsub.googleapis.com is enabled 
[debug] [2024-10-09T15:31:20.984Z] <<< [apiv2][status] GET https://serviceusage.googleapis.com/v1/projects/testcase-89d6c/services/storage.googleapis.com 200
[debug] [2024-10-09T15:31:20.984Z] <<< [apiv2][body] GET https://serviceusage.googleapis.com/v1/projects/testcase-89d6c/services/storage.googleapis.com [omitted]
[info] ✔  functions: required API storage.googleapis.com is enabled 
[info] i  functions: generating the service identity for pubsub.googleapis.com... 
[debug] [2024-10-09T15:31:20.984Z] Checked if tokens are valid: true, expires at: 1728488786110
[debug] [2024-10-09T15:31:20.984Z] Checked if tokens are valid: true, expires at: 1728488786110
[info] i  functions: generating the service identity for eventarc.googleapis.com... 
[debug] [2024-10-09T15:31:20.984Z] Checked if tokens are valid: true, expires at: 1728488786110
[debug] [2024-10-09T15:31:20.984Z] Checked if tokens are valid: true, expires at: 1728488786110
[debug] [2024-10-09T15:31:20.984Z] >>> [apiv2][query] POST https://serviceusage.googleapis.com/v1beta1/projects/584670232512/services/pubsub.googleapis.com:generateServiceIdentity [none]
[debug] [2024-10-09T15:31:20.984Z] >>> [apiv2][query] POST https://serviceusage.googleapis.com/v1beta1/projects/584670232512/services/eventarc.googleapis.com:generateServiceIdentity [none]
[debug] [2024-10-09T15:31:21.971Z] <<< [apiv2][status] POST https://serviceusage.googleapis.com/v1beta1/projects/584670232512/services/pubsub.googleapis.com:generateServiceIdentity 200
[debug] [2024-10-09T15:31:21.972Z] <<< [apiv2][body] POST https://serviceusage.googleapis.com/v1beta1/projects/584670232512/services/pubsub.googleapis.com:generateServiceIdentity {"name":"operations/finished.DONE_OPERATION","done":true,"response":{"@type":"type.googleapis.com/google.api.serviceusage.v1beta1.ServiceIdentity","email":"service-584670232512@gcp-sa-pubsub.iam.gserviceaccount.com","uniqueId":"108540613881595387672"}}
[debug] [2024-10-09T15:31:22.024Z] <<< [apiv2][status] POST https://serviceusage.googleapis.com/v1beta1/projects/584670232512/services/eventarc.googleapis.com:generateServiceIdentity 200
[debug] [2024-10-09T15:31:22.024Z] <<< [apiv2][body] POST https://serviceusage.googleapis.com/v1beta1/projects/584670232512/services/eventarc.googleapis.com:generateServiceIdentity {"name":"operations/finished.DONE_OPERATION","done":true,"response":{"@type":"type.googleapis.com/google.api.serviceusage.v1beta1.ServiceIdentity","email":"service-584670232512@gcp-sa-eventarc.iam.gserviceaccount.com","uniqueId":"100541598863284267569"}}
[debug] [2024-10-09T15:31:22.026Z] Checked if tokens are valid: true, expires at: 1728488786110
[debug] [2024-10-09T15:31:22.026Z] Checked if tokens are valid: true, expires at: 1728488786110
[debug] [2024-10-09T15:31:22.026Z] >>> [apiv2][query] GET https://firebase.googleapis.com/v1beta1/projects/testcase-89d6c [none]
[debug] [2024-10-09T15:31:22.472Z] <<< [apiv2][status] GET https://firebase.googleapis.com/v1beta1/projects/testcase-89d6c 200
[debug] [2024-10-09T15:31:22.473Z] <<< [apiv2][body] GET https://firebase.googleapis.com/v1beta1/projects/testcase-89d6c {"projectId":"testcase-89d6c","projectNumber":"584670232512","displayName":"Testcase","name":"projects/testcase-89d6c","resources":{"hostingSite":"testcase-89d6c"},"state":"ACTIVE","etag":"1_159df329-a0fd-4ec0-9fe1-1fe76bfea803"}
[debug] [2024-10-09T15:31:22.475Z] Checked if tokens are valid: true, expires at: 1728488786110
[debug] [2024-10-09T15:31:22.475Z] Checked if tokens are valid: true, expires at: 1728488786110
[debug] [2024-10-09T15:31:22.475Z] >>> [apiv2][query] GET https://cloudbilling.googleapis.com/v1/projects/testcase-89d6c/billingInfo [none]
[debug] [2024-10-09T15:31:23.493Z] <<< [apiv2][status] GET https://cloudbilling.googleapis.com/v1/projects/testcase-89d6c/billingInfo 200
[debug] [2024-10-09T15:31:23.494Z] <<< [apiv2][body] GET https://cloudbilling.googleapis.com/v1/projects/testcase-89d6c/billingInfo {"name":"projects/testcase-89d6c/billingInfo","projectId":"testcase-89d6c","billingAccountName":"billingAccounts/01CD80-005E2B-32093F","billingEnabled":true}
[debug] [2024-10-09T15:31:23.495Z] [functions] found 1 new HTTP functions, testing setIamPolicy permission...
[debug] [2024-10-09T15:31:23.495Z] Checked if tokens are valid: true, expires at: 1728488786110
[debug] [2024-10-09T15:31:23.495Z] Checked if tokens are valid: true, expires at: 1728488786110
[debug] [2024-10-09T15:31:23.496Z] >>> [apiv2][query] POST https://cloudresourcemanager.googleapis.com/v1/projects/testcase-89d6c:testIamPermissions [none]
[debug] [2024-10-09T15:31:23.496Z] >>> [apiv2][(partial)header] POST https://cloudresourcemanager.googleapis.com/v1/projects/testcase-89d6c:testIamPermissions x-goog-quota-user=projects/testcase-89d6c
[debug] [2024-10-09T15:31:23.496Z] >>> [apiv2][body] POST https://cloudresourcemanager.googleapis.com/v1/projects/testcase-89d6c:testIamPermissions {"permissions":["cloudfunctions.functions.setIamPolicy"]}
[debug] [2024-10-09T15:31:24.458Z] <<< [apiv2][status] POST https://cloudresourcemanager.googleapis.com/v1/projects/testcase-89d6c:testIamPermissions 200
[debug] [2024-10-09T15:31:24.458Z] <<< [apiv2][body] POST https://cloudresourcemanager.googleapis.com/v1/projects/testcase-89d6c:testIamPermissions {"permissions":["cloudfunctions.functions.setIamPolicy"]}
[debug] [2024-10-09T15:31:24.459Z] [functions] found setIamPolicy permission, proceeding with deploy
[debug] [2024-10-09T15:31:24.460Z] Checked if tokens are valid: true, expires at: 1728488786110
[debug] [2024-10-09T15:31:24.460Z] Checked if tokens are valid: true, expires at: 1728488786110
[debug] [2024-10-09T15:31:24.460Z] >>> [apiv2][query] POST https://cloudfunctions.googleapis.com/v2/projects/testcase-89d6c/locations/us-central1/functions:generateUploadUrl [none]
[debug] [2024-10-09T15:31:25.310Z] <<< [apiv2][status] POST https://cloudfunctions.googleapis.com/v2/projects/testcase-89d6c/locations/us-central1/functions:generateUploadUrl 200
[debug] [2024-10-09T15:31:25.310Z] <<< [apiv2][body] POST https://cloudfunctions.googleapis.com/v2/projects/testcase-89d6c/locations/us-central1/functions:generateUploadUrl {"uploadUrl":"https://storage.googleapis.com/gcf-v2-uploads-584670232512-us-central1/7e3b209e-4453-4391-980c-b56bdd6e9f62.zip?GoogleAccessId=service-584670232512@gcf-admin-robot.iam.gserviceaccount.com&Expires=1728489685&Signature=YVJ4M%2FzEwrwwkV5g%2Bjt%2BO9bcf%2BCa9almnR0nSl0YoyFIUO258C1wq9h0vr9DaFQqj96Tn8EDe6rjAkyZ3ly3LBTJWHZPzJy2qNWzMHBQT3R4OIDQ6%2FFvZRmuUj39ENQGacruQ3CDDUH%2BXy72jhNB3vx9WLF%2Bs%2FimKqGOw3fh12TJ2Z2T%2BORV4PrZx9jm5Q8wJXxpBhWvfwOV68qk4iXsgnw25ozmvEFRFK4YnTy87wGuS8Px1SzhXZy0%2Bg0n99RnSl923Cv6smxaqXc2%2FGEiCZ%2FFZuuBhmWM13yr2c2L3EnTmtI8lzIRZ3usnACwyiUoH9pM88zXQQffc9yDf2%2FOwA%3D%3D","storageSource":{"bucket":"gcf-v2-uploads-584670232512-us-central1","object":"7e3b209e-4453-4391-980c-b56bdd6e9f62.zip"}}
[debug] [2024-10-09T15:31:25.312Z] >>> [apiv2][query] PUT https://storage.googleapis.com/gcf-v2-uploads-584670232512-us-central1/7e3b209e-4453-4391-980c-b56bdd6e9f62.zip GoogleAccessId=service-584670232512%40gcf-admin-robot.iam.gserviceaccount.com&Expires=1728489685&Signature=YVJ4M%2FzEwrwwkV5g%2Bjt%2BO9bcf%2BCa9almnR0nSl0YoyFIUO258C1wq9h0vr9DaFQqj96Tn8EDe6rjAkyZ3ly3LBTJWHZPzJy2qNWzMHBQT3R4OIDQ6%2FFvZRmuUj39ENQGacruQ3CDDUH%2BXy72jhNB3vx9WLF%2Bs%2FimKqGOw3fh12TJ2Z2T%2BORV4PrZx9jm5Q8wJXxpBhWvfwOV68qk4iXsgnw25ozmvEFRFK4YnTy87wGuS8Px1SzhXZy0%2Bg0n99RnSl923Cv6smxaqXc2%2FGEiCZ%2FFZuuBhmWM13yr2c2L3EnTmtI8lzIRZ3usnACwyiUoH9pM88zXQQffc9yDf2%2FOwA%3D%3D
[debug] [2024-10-09T15:31:25.312Z] >>> [apiv2][body] PUT https://storage.googleapis.com/gcf-v2-uploads-584670232512-us-central1/7e3b209e-4453-4391-980c-b56bdd6e9f62.zip [stream]
[debug] [2024-10-09T15:31:26.600Z] <<< [apiv2][status] PUT https://storage.googleapis.com/gcf-v2-uploads-584670232512-us-central1/7e3b209e-4453-4391-980c-b56bdd6e9f62.zip 200
[debug] [2024-10-09T15:31:26.600Z] <<< [apiv2][body] PUT https://storage.googleapis.com/gcf-v2-uploads-584670232512-us-central1/7e3b209e-4453-4391-980c-b56bdd6e9f62.zip [omitted]
[info] ✔  functions: functions folder uploaded successfully 
[info] 
The following functions are found in your project but do not exist in your local source code:
	helloWorld(us-central1)

If you are renaming a function or changing its region, it is recommended that you create the new function first before deleting the old one to prevent event loss. For more info, visit https://firebase.google.com/docs/functions/manage-functions#modify

[info] i  functions: creating Node.js 18 (2nd Gen) function testCaseApp(us-central1)... 
[debug] [2024-10-09T15:33:00.897Z] Checked if tokens are valid: false, expires at: 1728488786110
[debug] [2024-10-09T15:33:00.897Z] Checked if tokens are valid: false, expires at: 1728488786110
[debug] [2024-10-09T15:33:00.897Z] > refreshing access token with scopes: []
[debug] [2024-10-09T15:33:00.898Z] >>> [apiv2][query] POST https://www.googleapis.com/oauth2/v3/token [none]
[debug] [2024-10-09T15:33:00.898Z] >>> [apiv2][body] POST https://www.googleapis.com/oauth2/v3/token [omitted]
[info] i  functions: deleting Node.js 18 (2nd Gen) function helloWorld(us-central1)... 
[debug] [2024-10-09T15:33:00.901Z] Checked if tokens are valid: false, expires at: 1728488786110
[debug] [2024-10-09T15:33:00.901Z] Checked if tokens are valid: false, expires at: 1728488786110
[debug] [2024-10-09T15:33:00.901Z] > refreshing access token with scopes: []
[debug] [2024-10-09T15:33:00.901Z] >>> [apiv2][query] POST https://www.googleapis.com/oauth2/v3/token [none]
[debug] [2024-10-09T15:33:00.901Z] >>> [apiv2][body] POST https://www.googleapis.com/oauth2/v3/token [omitted]
[debug] [2024-10-09T15:33:01.357Z] <<< [apiv2][status] POST https://www.googleapis.com/oauth2/v3/token 200
[debug] [2024-10-09T15:33:01.358Z] <<< [apiv2][body] POST https://www.googleapis.com/oauth2/v3/token [omitted]
[debug] [2024-10-09T15:33:01.372Z] >>> [apiv2][query] DELETE https://cloudfunctions.googleapis.com/v2/projects/testcase-89d6c/locations/us-central1/functions/helloWorld [none]
[debug] [2024-10-09T15:33:01.378Z] <<< [apiv2][status] POST https://www.googleapis.com/oauth2/v3/token 200
[debug] [2024-10-09T15:33:01.378Z] <<< [apiv2][body] POST https://www.googleapis.com/oauth2/v3/token [omitted]
[debug] [2024-10-09T15:33:01.390Z] >>> [apiv2][query] POST https://cloudfunctions.googleapis.com/v2/projects/testcase-89d6c/locations/us-central1/functions functionId=testCaseApp
[debug] [2024-10-09T15:33:01.391Z] >>> [apiv2][body] POST https://cloudfunctions.googleapis.com/v2/projects/testcase-89d6c/locations/us-central1/functions {"name":"projects/testcase-89d6c/locations/us-central1/functions/testCaseApp","buildConfig":{"runtime":"nodejs18","entryPoint":"testCaseApp","source":{"storageSource":{"bucket":"gcf-v2-uploads-584670232512-us-central1","object":"7e3b209e-4453-4391-980c-b56bdd6e9f62.zip"}},"environmentVariables":{"GOOGLE_NODE_RUN_SCRIPTS":""}},"serviceConfig":{"environmentVariables":{"FIREBASE_CONFIG":"{\"projectId\":\"testcase-89d6c\",\"storageBucket\":\"testcase-89d6c.appspot.com\"}","GCLOUD_PROJECT":"testcase-89d6c","EVENTARC_CLOUD_EVENT_SOURCE":"projects/testcase-89d6c/locations/us-central1/services/testCaseApp","FUNCTION_TARGET":"testCaseApp"},"ingressSettings":null,"timeoutSeconds":null,"serviceAccountEmail":null,"availableMemory":"256Mi","minInstanceCount":null,"maxInstanceCount":null,"maxInstanceRequestConcurrency":80,"availableCpu":"1","vpcConnector":null,"vpcConnectorEgressSettings":null},"labels":{"deployment-tool":"cli-firebase","firebase-functions-hash":"1791ac3822859919fd092f15198fe9a1de0154dc"}}
[debug] [2024-10-09T15:33:02.474Z] <<< [apiv2][status] POST https://cloudfunctions.googleapis.com/v2/projects/testcase-89d6c/locations/us-central1/functions 200
[debug] [2024-10-09T15:33:02.475Z] <<< [apiv2][body] POST https://cloudfunctions.googleapis.com/v2/projects/testcase-89d6c/locations/us-central1/functions {"name":"projects/testcase-89d6c/locations/us-central1/operations/operation-1728487982006-6240cf82a82a6-ae4ce649-044c500c","metadata":{"@type":"type.googleapis.com/google.cloud.functions.v2.OperationMetadata","createTime":"2024-10-09T15:33:02.470771940Z","target":"projects/testcase-89d6c/locations/us-central1/functions/testCaseApp","verb":"create","cancelRequested":false,"apiVersion":"v2"},"done":false}
[debug] [2024-10-09T15:33:02.475Z] Checked if tokens are valid: true, expires at: 1728491580378
[debug] [2024-10-09T15:33:02.476Z] Checked if tokens are valid: true, expires at: 1728491580378
[debug] [2024-10-09T15:33:02.476Z] >>> [apiv2][query] GET https://cloudfunctions.googleapis.com/v2/projects/testcase-89d6c/locations/us-central1/operations/operation-1728487982006-6240cf82a82a6-ae4ce649-044c500c [none]
[debug] [2024-10-09T15:33:02.477Z] <<< [apiv2][status] DELETE https://cloudfunctions.googleapis.com/v2/projects/testcase-89d6c/locations/us-central1/functions/helloWorld 200
[debug] [2024-10-09T15:33:02.477Z] <<< [apiv2][body] DELETE https://cloudfunctions.googleapis.com/v2/projects/testcase-89d6c/locations/us-central1/functions/helloWorld {"name":"projects/testcase-89d6c/locations/us-central1/operations/operation-1728487982541-6240cf832abad-a568ce58-dc2d2309","metadata":{"@type":"type.googleapis.com/google.cloud.functions.v2.OperationMetadata","createTime":"2024-10-09T15:33:02.559512389Z","target":"projects/testcase-89d6c/locations/us-central1/functions/helloWorld","verb":"delete","cancelRequested":false,"apiVersion":"v2"},"done":false}
[debug] [2024-10-09T15:33:02.478Z] Checked if tokens are valid: true, expires at: 1728491580378
[debug] [2024-10-09T15:33:02.478Z] Checked if tokens are valid: true, expires at: 1728491580378
[debug] [2024-10-09T15:33:02.478Z] >>> [apiv2][query] GET https://cloudfunctions.googleapis.com/v2/projects/testcase-89d6c/locations/us-central1/operations/operation-1728487982541-6240cf832abad-a568ce58-dc2d2309 [none]
[debug] [2024-10-09T15:33:03.406Z] <<< [apiv2][status] GET https://cloudfunctions.googleapis.com/v2/projects/testcase-89d6c/locations/us-central1/operations/operation-1728487982006-6240cf82a82a6-ae4ce649-044c500c 200
[debug] [2024-10-09T15:33:03.406Z] <<< [apiv2][body] GET https://cloudfunctions.googleapis.com/v2/projects/testcase-89d6c/locations/us-central1/operations/operation-1728487982006-6240cf82a82a6-ae4ce649-044c500c {"name":"projects/testcase-89d6c/locations/us-central1/operations/operation-1728487982006-6240cf82a82a6-ae4ce649-044c500c","metadata":{"@type":"type.googleapis.com/google.cloud.functions.v2.OperationMetadata","createTime":"2024-10-09T15:33:02.470771940Z","target":"projects/testcase-89d6c/locations/us-central1/functions/testCaseApp","verb":"create","cancelRequested":false,"apiVersion":"v2","requestResource":{"@type":"type.googleapis.com/google.cloud.functions.v2.Function","name":"projects/testcase-89d6c/locations/us-central1/functions/testCaseApp","buildConfig":{"runtime":"nodejs18","entryPoint":"testCaseApp","source":{"storageSource":{"bucket":"gcf-v2-sources-584670232512-us-central1","object":"testCaseApp/function-source.zip","generation":"1728487982264881"}},"environmentVariables":{"GOOGLE_NODE_RUN_SCRIPTS":""},"serviceAccount":"projects/testcase-89d6c/serviceAccounts/584670232512-compute@developer.gserviceaccount.com","automaticUpdatePolicy":{}},"serviceConfig":{"service":"projects/testcase-89d6c/locations/us-central1/services/testcaseapp","timeoutSeconds":60,"environmentVariables":{"FIREBASE_CONFIG":"{\"projectId\":\"testcase-89d6c\",\"storageBucket\":\"testcase-89d6c.appspot.com\"}","GCLOUD_PROJECT":"testcase-89d6c","EVENTARC_CLOUD_EVENT_SOURCE":"projects/testcase-89d6c/locations/us-central1/services/testCaseApp","FUNCTION_TARGET":"testCaseApp","LOG_EXECUTION_ID":"true"},"ingressSettings":"ALLOW_ALL","serviceAccountEmail":"584670232512-compute@developer.gserviceaccount.com","availableMemory":"256Mi","maxInstanceRequestConcurrency":80,"availableCpu":"1"},"labels":{"deployment-tool":"cli-firebase","firebase-functions-hash":"1791ac3822859919fd092f15198fe9a1de0154dc"},"environment":"GEN_2"},"stages":[{"name":"BUILD","message":"Creating build","state":"IN_PROGRESS","resource":"projects/584670232512/locations/us-central1/builds/8a5b0351-fdf8-4e2d-8011-169c34cf688c","resourceUri":"https://console.cloud.google.com/cloud-build/builds;region=us-central1/8a5b0351-fdf8-4e2d-8011-169c34cf688c?project=584670232512"},{"name":"SERVICE","state":"NOT_STARTED"}],"operationType":"CREATE_FUNCTION","buildName":"projects/584670232512/locations/us-central1/builds/8a5b0351-fdf8-4e2d-8011-169c34cf688c"},"done":false}
[debug] [2024-10-09T15:33:03.407Z] <<< [apiv2][status] GET https://cloudfunctions.googleapis.com/v2/projects/testcase-89d6c/locations/us-central1/operations/operation-1728487982541-6240cf832abad-a568ce58-dc2d2309 200
[debug] [2024-10-09T15:33:03.408Z] <<< [apiv2][body] GET https://cloudfunctions.googleapis.com/v2/projects/testcase-89d6c/locations/us-central1/operations/operation-1728487982541-6240cf832abad-a568ce58-dc2d2309 {"name":"projects/testcase-89d6c/locations/us-central1/operations/operation-1728487982541-6240cf832abad-a568ce58-dc2d2309","metadata":{"@type":"type.googleapis.com/google.cloud.functions.v2.OperationMetadata","createTime":"2024-10-09T15:33:02.559512389Z","target":"projects/testcase-89d6c/locations/us-central1/functions/helloWorld","verb":"delete","cancelRequested":false,"apiVersion":"v2","requestResource":{"@type":"type.googleapis.com/google.cloud.functions.v2.Function","name":"projects/testcase-89d6c/locations/us-central1/functions/helloWorld","environment":"GEN_2"},"stages":[{"name":"ARTIFACT_REGISTRY","state":"NOT_STARTED"},{"name":"SERVICE","message":"Deleting Cloud Run service","state":"IN_PROGRESS","resource":"projects/testcase-89d6c/locations/us-central1/services/helloworld"}],"operationType":"DELETE_FUNCTION"},"done":false}
[debug] [2024-10-09T15:33:03.908Z] [create-default-us-central1-testCaseApp] Retrying task index 0
[debug] [2024-10-09T15:33:03.908Z] Checked if tokens are valid: true, expires at: 1728491580378
[debug] [2024-10-09T15:33:03.908Z] Checked if tokens are valid: true, expires at: 1728491580378
[debug] [2024-10-09T15:33:03.909Z] >>> [apiv2][query] GET https://cloudfunctions.googleapis.com/v2/projects/testcase-89d6c/locations/us-central1/operations/operation-1728487982006-6240cf82a82a6-ae4ce649-044c500c [none]
[debug] [2024-10-09T15:33:03.909Z] [delete-default-us-central1-helloWorld] Retrying task index 0
[debug] [2024-10-09T15:33:03.909Z] Checked if tokens are valid: true, expires at: 1728491580378
[debug] [2024-10-09T15:33:03.909Z] Checked if tokens are valid: true, expires at: 1728491580378
[debug] [2024-10-09T15:33:03.909Z] >>> [apiv2][query] GET https://cloudfunctions.googleapis.com/v2/projects/testcase-89d6c/locations/us-central1/operations/operation-1728487982541-6240cf832abad-a568ce58-dc2d2309 [none]
[debug] [2024-10-09T15:33:04.712Z] <<< [apiv2][status] GET https://cloudfunctions.googleapis.com/v2/projects/testcase-89d6c/locations/us-central1/operations/operation-1728487982006-6240cf82a82a6-ae4ce649-044c500c 200
[debug] [2024-10-09T15:33:04.712Z] <<< [apiv2][body] GET https://cloudfunctions.googleapis.com/v2/projects/testcase-89d6c/locations/us-central1/operations/operation-1728487982006-6240cf82a82a6-ae4ce649-044c500c {"name":"projects/testcase-89d6c/locations/us-central1/operations/operation-1728487982006-6240cf82a82a6-ae4ce649-044c500c","metadata":{"@type":"type.googleapis.com/google.cloud.functions.v2.OperationMetadata","createTime":"2024-10-09T15:33:02.470771940Z","target":"projects/testcase-89d6c/locations/us-central1/functions/testCaseApp","verb":"create","cancelRequested":false,"apiVersion":"v2","requestResource":{"@type":"type.googleapis.com/google.cloud.functions.v2.Function","name":"projects/testcase-89d6c/locations/us-central1/functions/testCaseApp","buildConfig":{"runtime":"nodejs18","entryPoint":"testCaseApp","source":{"storageSource":{"bucket":"gcf-v2-sources-584670232512-us-central1","object":"testCaseApp/function-source.zip","generation":"1728487982264881"}},"environmentVariables":{"GOOGLE_NODE_RUN_SCRIPTS":""},"serviceAccount":"projects/testcase-89d6c/serviceAccounts/584670232512-compute@developer.gserviceaccount.com","automaticUpdatePolicy":{}},"serviceConfig":{"service":"projects/testcase-89d6c/locations/us-central1/services/testcaseapp","timeoutSeconds":60,"environmentVariables":{"FIREBASE_CONFIG":"{\"projectId\":\"testcase-89d6c\",\"storageBucket\":\"testcase-89d6c.appspot.com\"}","GCLOUD_PROJECT":"testcase-89d6c","EVENTARC_CLOUD_EVENT_SOURCE":"projects/testcase-89d6c/locations/us-central1/services/testCaseApp","FUNCTION_TARGET":"testCaseApp","LOG_EXECUTION_ID":"true"},"ingressSettings":"ALLOW_ALL","serviceAccountEmail":"584670232512-compute@developer.gserviceaccount.com","availableMemory":"256Mi","maxInstanceRequestConcurrency":80,"availableCpu":"1"},"labels":{"deployment-tool":"cli-firebase","firebase-functions-hash":"1791ac3822859919fd092f15198fe9a1de0154dc"},"environment":"GEN_2"},"stages":[{"name":"BUILD","message":"Build in progress","state":"IN_PROGRESS","resource":"projects/584670232512/locations/us-central1/builds/8a5b0351-fdf8-4e2d-8011-169c34cf688c","resourceUri":"https://console.cloud.google.com/cloud-build/builds;region=us-central1/8a5b0351-fdf8-4e2d-8011-169c34cf688c?project=584670232512"},{"name":"SERVICE","state":"NOT_STARTED"}],"operationType":"CREATE_FUNCTION","buildName":"projects/584670232512/locations/us-central1/builds/8a5b0351-fdf8-4e2d-8011-169c34cf688c"},"done":false}
[debug] [2024-10-09T15:33:04.712Z] <<< [apiv2][status] GET https://cloudfunctions.googleapis.com/v2/projects/testcase-89d6c/locations/us-central1/operations/operation-1728487982541-6240cf832abad-a568ce58-dc2d2309 200
[debug] [2024-10-09T15:33:04.712Z] <<< [apiv2][body] GET https://cloudfunctions.googleapis.com/v2/projects/testcase-89d6c/locations/us-central1/operations/operation-1728487982541-6240cf832abad-a568ce58-dc2d2309 {"name":"projects/testcase-89d6c/locations/us-central1/operations/operation-1728487982541-6240cf832abad-a568ce58-dc2d2309","metadata":{"@type":"type.googleapis.com/google.cloud.functions.v2.OperationMetadata","createTime":"2024-10-09T15:33:02.559512389Z","endTime":"2024-10-09T15:33:03.876678962Z","target":"projects/testcase-89d6c/locations/us-central1/functions/helloWorld","verb":"delete","cancelRequested":false,"apiVersion":"v2","requestResource":{"@type":"type.googleapis.com/google.cloud.functions.v2.Function","name":"projects/testcase-89d6c/locations/us-central1/functions/helloWorld","environment":"GEN_2"},"stages":[{"name":"ARTIFACT_REGISTRY","message":"Deleting function artifacts in Artifact Registry","state":"COMPLETE"},{"name":"SERVICE","message":"Deleting Cloud Run service","state":"COMPLETE","resource":"projects/testcase-89d6c/locations/us-central1/services/helloworld"}],"operationType":"DELETE_FUNCTION"},"done":true,"response":{"@type":"type.googleapis.com/google.protobuf.Empty"}}
[info] ✔  functions[helloWorld(us-central1)] Successful delete operation. 
[debug] [2024-10-09T15:33:05.713Z] [create-default-us-central1-testCaseApp] Retrying task index 0
[debug] [2024-10-09T15:33:05.713Z] Checked if tokens are valid: true, expires at: 1728491580378
[debug] [2024-10-09T15:33:05.713Z] Checked if tokens are valid: true, expires at: 1728491580378
[debug] [2024-10-09T15:33:05.714Z] >>> [apiv2][query] GET https://cloudfunctions.googleapis.com/v2/projects/testcase-89d6c/locations/us-central1/operations/operation-1728487982006-6240cf82a82a6-ae4ce649-044c500c [none]
[debug] [2024-10-09T15:33:06.535Z] <<< [apiv2][status] GET https://cloudfunctions.googleapis.com/v2/projects/testcase-89d6c/locations/us-central1/operations/operation-1728487982006-6240cf82a82a6-ae4ce649-044c500c 200
[debug] [2024-10-09T15:33:06.535Z] <<< [apiv2][body] GET https://cloudfunctions.googleapis.com/v2/projects/testcase-89d6c/locations/us-central1/operations/operation-1728487982006-6240cf82a82a6-ae4ce649-044c500c {"name":"projects/testcase-89d6c/locations/us-central1/operations/operation-1728487982006-6240cf82a82a6-ae4ce649-044c500c","metadata":{"@type":"type.googleapis.com/google.cloud.functions.v2.OperationMetadata","createTime":"2024-10-09T15:33:02.470771940Z","target":"projects/testcase-89d6c/locations/us-central1/functions/testCaseApp","verb":"create","cancelRequested":false,"apiVersion":"v2","requestResource":{"@type":"type.googleapis.com/google.cloud.functions.v2.Function","name":"projects/testcase-89d6c/locations/us-central1/functions/testCaseApp","buildConfig":{"runtime":"nodejs18","entryPoint":"testCaseApp","source":{"storageSource":{"bucket":"gcf-v2-sources-584670232512-us-central1","object":"testCaseApp/function-source.zip","generation":"1728487982264881"}},"environmentVariables":{"GOOGLE_NODE_RUN_SCRIPTS":""},"serviceAccount":"projects/testcase-89d6c/serviceAccounts/584670232512-compute@developer.gserviceaccount.com","automaticUpdatePolicy":{}},"serviceConfig":{"service":"projects/testcase-89d6c/locations/us-central1/services/testcaseapp","timeoutSeconds":60,"environmentVariables":{"FIREBASE_CONFIG":"{\"projectId\":\"testcase-89d6c\",\"storageBucket\":\"testcase-89d6c.appspot.com\"}","GCLOUD_PROJECT":"testcase-89d6c","EVENTARC_CLOUD_EVENT_SOURCE":"projects/testcase-89d6c/locations/us-central1/services/testCaseApp","FUNCTION_TARGET":"testCaseApp","LOG_EXECUTION_ID":"true"},"ingressSettings":"ALLOW_ALL","serviceAccountEmail":"584670232512-compute@developer.gserviceaccount.com","availableMemory":"256Mi","maxInstanceRequestConcurrency":80,"availableCpu":"1"},"labels":{"deployment-tool":"cli-firebase","firebase-functions-hash":"1791ac3822859919fd092f15198fe9a1de0154dc"},"environment":"GEN_2"},"stages":[{"name":"BUILD","message":"Build in progress","state":"IN_PROGRESS","resource":"projects/584670232512/locations/us-central1/builds/8a5b0351-fdf8-4e2d-8011-169c34cf688c","resourceUri":"https://console.cloud.google.com/cloud-build/builds;region=us-central1/8a5b0351-fdf8-4e2d-8011-169c34cf688c?project=584670232512"},{"name":"SERVICE","state":"NOT_STARTED"}],"operationType":"CREATE_FUNCTION","buildName":"projects/584670232512/locations/us-central1/builds/8a5b0351-fdf8-4e2d-8011-169c34cf688c"},"done":false}
[debug] [2024-10-09T15:33:08.536Z] [create-default-us-central1-testCaseApp] Retrying task index 0
[debug] [2024-10-09T15:33:08.537Z] Checked if tokens are valid: true, expires at: 1728491580378
[debug] [2024-10-09T15:33:08.537Z] Checked if tokens are valid: true, expires at: 1728491580378
[debug] [2024-10-09T15:33:08.537Z] >>> [apiv2][query] GET https://cloudfunctions.googleapis.com/v2/projects/testcase-89d6c/locations/us-central1/operations/operation-1728487982006-6240cf82a82a6-ae4ce649-044c500c [none]
[debug] [2024-10-09T15:33:09.356Z] <<< [apiv2][status] GET https://cloudfunctions.googleapis.com/v2/projects/testcase-89d6c/locations/us-central1/operations/operation-1728487982006-6240cf82a82a6-ae4ce649-044c500c 200
[debug] [2024-10-09T15:33:09.357Z] <<< [apiv2][body] GET https://cloudfunctions.googleapis.com/v2/projects/testcase-89d6c/locations/us-central1/operations/operation-1728487982006-6240cf82a82a6-ae4ce649-044c500c {"name":"projects/testcase-89d6c/locations/us-central1/operations/operation-1728487982006-6240cf82a82a6-ae4ce649-044c500c","metadata":{"@type":"type.googleapis.com/google.cloud.functions.v2.OperationMetadata","createTime":"2024-10-09T15:33:02.470771940Z","target":"projects/testcase-89d6c/locations/us-central1/functions/testCaseApp","verb":"create","cancelRequested":false,"apiVersion":"v2","requestResource":{"@type":"type.googleapis.com/google.cloud.functions.v2.Function","name":"projects/testcase-89d6c/locations/us-central1/functions/testCaseApp","buildConfig":{"runtime":"nodejs18","entryPoint":"testCaseApp","source":{"storageSource":{"bucket":"gcf-v2-sources-584670232512-us-central1","object":"testCaseApp/function-source.zip","generation":"1728487982264881"}},"environmentVariables":{"GOOGLE_NODE_RUN_SCRIPTS":""},"serviceAccount":"projects/testcase-89d6c/serviceAccounts/584670232512-compute@developer.gserviceaccount.com","automaticUpdatePolicy":{}},"serviceConfig":{"service":"projects/testcase-89d6c/locations/us-central1/services/testcaseapp","timeoutSeconds":60,"environmentVariables":{"FIREBASE_CONFIG":"{\"projectId\":\"testcase-89d6c\",\"storageBucket\":\"testcase-89d6c.appspot.com\"}","GCLOUD_PROJECT":"testcase-89d6c","EVENTARC_CLOUD_EVENT_SOURCE":"projects/testcase-89d6c/locations/us-central1/services/testCaseApp","FUNCTION_TARGET":"testCaseApp","LOG_EXECUTION_ID":"true"},"ingressSettings":"ALLOW_ALL","serviceAccountEmail":"584670232512-compute@developer.gserviceaccount.com","availableMemory":"256Mi","maxInstanceRequestConcurrency":80,"availableCpu":"1"},"labels":{"deployment-tool":"cli-firebase","firebase-functions-hash":"1791ac3822859919fd092f15198fe9a1de0154dc"},"environment":"GEN_2"},"stages":[{"name":"BUILD","message":"Build in progress","state":"IN_PROGRESS","resource":"projects/584670232512/locations/us-central1/builds/8a5b0351-fdf8-4e2d-8011-169c34cf688c","resourceUri":"https://console.cloud.google.com/cloud-build/builds;region=us-central1/8a5b0351-fdf8-4e2d-8011-169c34cf688c?project=584670232512"},{"name":"SERVICE","state":"NOT_STARTED"}],"operationType":"CREATE_FUNCTION","buildName":"projects/584670232512/locations/us-central1/builds/8a5b0351-fdf8-4e2d-8011-169c34cf688c"},"done":false}
[debug] [2024-10-09T15:33:13.358Z] [create-default-us-central1-testCaseApp] Retrying task index 0
[debug] [2024-10-09T15:33:13.358Z] Checked if tokens are valid: true, expires at: 1728491580378
[debug] [2024-10-09T15:33:13.358Z] Checked if tokens are valid: true, expires at: 1728491580378
[debug] [2024-10-09T15:33:13.359Z] >>> [apiv2][query] GET https://cloudfunctions.googleapis.com/v2/projects/testcase-89d6c/locations/us-central1/operations/operation-1728487982006-6240cf82a82a6-ae4ce649-044c500c [none]
[debug] [2024-10-09T15:33:14.156Z] <<< [apiv2][status] GET https://cloudfunctions.googleapis.com/v2/projects/testcase-89d6c/locations/us-central1/operations/operation-1728487982006-6240cf82a82a6-ae4ce649-044c500c 200
[debug] [2024-10-09T15:33:14.156Z] <<< [apiv2][body] GET https://cloudfunctions.googleapis.com/v2/projects/testcase-89d6c/locations/us-central1/operations/operation-1728487982006-6240cf82a82a6-ae4ce649-044c500c {"name":"projects/testcase-89d6c/locations/us-central1/operations/operation-1728487982006-6240cf82a82a6-ae4ce649-044c500c","metadata":{"@type":"type.googleapis.com/google.cloud.functions.v2.OperationMetadata","createTime":"2024-10-09T15:33:02.470771940Z","target":"projects/testcase-89d6c/locations/us-central1/functions/testCaseApp","verb":"create","cancelRequested":false,"apiVersion":"v2","requestResource":{"@type":"type.googleapis.com/google.cloud.functions.v2.Function","name":"projects/testcase-89d6c/locations/us-central1/functions/testCaseApp","buildConfig":{"runtime":"nodejs18","entryPoint":"testCaseApp","source":{"storageSource":{"bucket":"gcf-v2-sources-584670232512-us-central1","object":"testCaseApp/function-source.zip","generation":"1728487982264881"}},"environmentVariables":{"GOOGLE_NODE_RUN_SCRIPTS":""},"serviceAccount":"projects/testcase-89d6c/serviceAccounts/584670232512-compute@developer.gserviceaccount.com","automaticUpdatePolicy":{}},"serviceConfig":{"service":"projects/testcase-89d6c/locations/us-central1/services/testcaseapp","timeoutSeconds":60,"environmentVariables":{"FIREBASE_CONFIG":"{\"projectId\":\"testcase-89d6c\",\"storageBucket\":\"testcase-89d6c.appspot.com\"}","GCLOUD_PROJECT":"testcase-89d6c","EVENTARC_CLOUD_EVENT_SOURCE":"projects/testcase-89d6c/locations/us-central1/services/testCaseApp","FUNCTION_TARGET":"testCaseApp","LOG_EXECUTION_ID":"true"},"ingressSettings":"ALLOW_ALL","serviceAccountEmail":"584670232512-compute@developer.gserviceaccount.com","availableMemory":"256Mi","maxInstanceRequestConcurrency":80,"availableCpu":"1"},"labels":{"deployment-tool":"cli-firebase","firebase-functions-hash":"1791ac3822859919fd092f15198fe9a1de0154dc"},"environment":"GEN_2"},"stages":[{"name":"BUILD","message":"Build in progress","state":"IN_PROGRESS","resource":"projects/584670232512/locations/us-central1/builds/8a5b0351-fdf8-4e2d-8011-169c34cf688c","resourceUri":"https://console.cloud.google.com/cloud-build/builds;region=us-central1/8a5b0351-fdf8-4e2d-8011-169c34cf688c?project=584670232512"},{"name":"SERVICE","state":"NOT_STARTED"}],"operationType":"CREATE_FUNCTION","buildName":"projects/584670232512/locations/us-central1/builds/8a5b0351-fdf8-4e2d-8011-169c34cf688c"},"done":false}
[debug] [2024-10-09T15:33:22.157Z] [create-default-us-central1-testCaseApp] Retrying task index 0
[debug] [2024-10-09T15:33:22.157Z] Checked if tokens are valid: true, expires at: 1728491580378
[debug] [2024-10-09T15:33:22.157Z] Checked if tokens are valid: true, expires at: 1728491580378
[debug] [2024-10-09T15:33:22.158Z] >>> [apiv2][query] GET https://cloudfunctions.googleapis.com/v2/projects/testcase-89d6c/locations/us-central1/operations/operation-1728487982006-6240cf82a82a6-ae4ce649-044c500c [none]
[debug] [2024-10-09T15:33:23.172Z] <<< [apiv2][status] GET https://cloudfunctions.googleapis.com/v2/projects/testcase-89d6c/locations/us-central1/operations/operation-1728487982006-6240cf82a82a6-ae4ce649-044c500c 200
[debug] [2024-10-09T15:33:23.172Z] <<< [apiv2][body] GET https://cloudfunctions.googleapis.com/v2/projects/testcase-89d6c/locations/us-central1/operations/operation-1728487982006-6240cf82a82a6-ae4ce649-044c500c {"name":"projects/testcase-89d6c/locations/us-central1/operations/operation-1728487982006-6240cf82a82a6-ae4ce649-044c500c","metadata":{"@type":"type.googleapis.com/google.cloud.functions.v2.OperationMetadata","createTime":"2024-10-09T15:33:02.470771940Z","target":"projects/testcase-89d6c/locations/us-central1/functions/testCaseApp","verb":"create","cancelRequested":false,"apiVersion":"v2","requestResource":{"@type":"type.googleapis.com/google.cloud.functions.v2.Function","name":"projects/testcase-89d6c/locations/us-central1/functions/testCaseApp","buildConfig":{"runtime":"nodejs18","entryPoint":"testCaseApp","source":{"storageSource":{"bucket":"gcf-v2-sources-584670232512-us-central1","object":"testCaseApp/function-source.zip","generation":"1728487982264881"}},"environmentVariables":{"GOOGLE_NODE_RUN_SCRIPTS":""},"serviceAccount":"projects/testcase-89d6c/serviceAccounts/584670232512-compute@developer.gserviceaccount.com","automaticUpdatePolicy":{}},"serviceConfig":{"service":"projects/testcase-89d6c/locations/us-central1/services/testcaseapp","timeoutSeconds":60,"environmentVariables":{"FIREBASE_CONFIG":"{\"projectId\":\"testcase-89d6c\",\"storageBucket\":\"testcase-89d6c.appspot.com\"}","GCLOUD_PROJECT":"testcase-89d6c","EVENTARC_CLOUD_EVENT_SOURCE":"projects/testcase-89d6c/locations/us-central1/services/testCaseApp","FUNCTION_TARGET":"testCaseApp","LOG_EXECUTION_ID":"true"},"ingressSettings":"ALLOW_ALL","serviceAccountEmail":"584670232512-compute@developer.gserviceaccount.com","availableMemory":"256Mi","maxInstanceRequestConcurrency":80,"availableCpu":"1"},"labels":{"deployment-tool":"cli-firebase","firebase-functions-hash":"1791ac3822859919fd092f15198fe9a1de0154dc"},"environment":"GEN_2"},"stages":[{"name":"BUILD","message":"Build in progress","state":"IN_PROGRESS","resource":"projects/584670232512/locations/us-central1/builds/8a5b0351-fdf8-4e2d-8011-169c34cf688c","resourceUri":"https://console.cloud.google.com/cloud-build/builds;region=us-central1/8a5b0351-fdf8-4e2d-8011-169c34cf688c?project=584670232512"},{"name":"SERVICE","state":"NOT_STARTED"}],"operationType":"CREATE_FUNCTION","buildName":"projects/584670232512/locations/us-central1/builds/8a5b0351-fdf8-4e2d-8011-169c34cf688c"},"done":false}
[debug] [2024-10-09T15:33:33.174Z] [create-default-us-central1-testCaseApp] Retrying task index 0
[debug] [2024-10-09T15:33:33.175Z] Checked if tokens are valid: true, expires at: 1728491580378
[debug] [2024-10-09T15:33:33.175Z] Checked if tokens are valid: true, expires at: 1728491580378
[debug] [2024-10-09T15:33:33.175Z] >>> [apiv2][query] GET https://cloudfunctions.googleapis.com/v2/projects/testcase-89d6c/locations/us-central1/operations/operation-1728487982006-6240cf82a82a6-ae4ce649-044c500c [none]
[debug] [2024-10-09T15:33:34.263Z] <<< [apiv2][status] GET https://cloudfunctions.googleapis.com/v2/projects/testcase-89d6c/locations/us-central1/operations/operation-1728487982006-6240cf82a82a6-ae4ce649-044c500c 200
[debug] [2024-10-09T15:33:34.264Z] <<< [apiv2][body] GET https://cloudfunctions.googleapis.com/v2/projects/testcase-89d6c/locations/us-central1/operations/operation-1728487982006-6240cf82a82a6-ae4ce649-044c500c {"name":"projects/testcase-89d6c/locations/us-central1/operations/operation-1728487982006-6240cf82a82a6-ae4ce649-044c500c","metadata":{"@type":"type.googleapis.com/google.cloud.functions.v2.OperationMetadata","createTime":"2024-10-09T15:33:02.470771940Z","target":"projects/testcase-89d6c/locations/us-central1/functions/testCaseApp","verb":"create","cancelRequested":false,"apiVersion":"v2","requestResource":{"@type":"type.googleapis.com/google.cloud.functions.v2.Function","name":"projects/testcase-89d6c/locations/us-central1/functions/testCaseApp","buildConfig":{"runtime":"nodejs18","entryPoint":"testCaseApp","source":{"storageSource":{"bucket":"gcf-v2-sources-584670232512-us-central1","object":"testCaseApp/function-source.zip","generation":"1728487982264881"}},"environmentVariables":{"GOOGLE_NODE_RUN_SCRIPTS":""},"serviceAccount":"projects/testcase-89d6c/serviceAccounts/584670232512-compute@developer.gserviceaccount.com","automaticUpdatePolicy":{}},"serviceConfig":{"service":"projects/testcase-89d6c/locations/us-central1/services/testcaseapp","timeoutSeconds":60,"environmentVariables":{"FIREBASE_CONFIG":"{\"projectId\":\"testcase-89d6c\",\"storageBucket\":\"testcase-89d6c.appspot.com\"}","GCLOUD_PROJECT":"testcase-89d6c","EVENTARC_CLOUD_EVENT_SOURCE":"projects/testcase-89d6c/locations/us-central1/services/testCaseApp","FUNCTION_TARGET":"testCaseApp","LOG_EXECUTION_ID":"true"},"ingressSettings":"ALLOW_ALL","serviceAccountEmail":"584670232512-compute@developer.gserviceaccount.com","availableMemory":"256Mi","maxInstanceRequestConcurrency":80,"availableCpu":"1"},"labels":{"deployment-tool":"cli-firebase","firebase-functions-hash":"1791ac3822859919fd092f15198fe9a1de0154dc"},"environment":"GEN_2"},"stages":[{"name":"BUILD","message":"Build in progress","state":"IN_PROGRESS","resource":"projects/584670232512/locations/us-central1/builds/8a5b0351-fdf8-4e2d-8011-169c34cf688c","resourceUri":"https://console.cloud.google.com/cloud-build/builds;region=us-central1/8a5b0351-fdf8-4e2d-8011-169c34cf688c?project=584670232512"},{"name":"SERVICE","state":"NOT_STARTED"}],"operationType":"CREATE_FUNCTION","buildName":"projects/584670232512/locations/us-central1/builds/8a5b0351-fdf8-4e2d-8011-169c34cf688c"},"done":false}
[debug] [2024-10-09T15:33:44.265Z] [create-default-us-central1-testCaseApp] Retrying task index 0
[debug] [2024-10-09T15:33:44.266Z] Checked if tokens are valid: true, expires at: 1728491580378
[debug] [2024-10-09T15:33:44.266Z] Checked if tokens are valid: true, expires at: 1728491580378
[debug] [2024-10-09T15:33:44.266Z] >>> [apiv2][query] GET https://cloudfunctions.googleapis.com/v2/projects/testcase-89d6c/locations/us-central1/operations/operation-1728487982006-6240cf82a82a6-ae4ce649-044c500c [none]
[debug] [2024-10-09T15:33:45.170Z] <<< [apiv2][status] GET https://cloudfunctions.googleapis.com/v2/projects/testcase-89d6c/locations/us-central1/operations/operation-1728487982006-6240cf82a82a6-ae4ce649-044c500c 200
[debug] [2024-10-09T15:33:45.170Z] <<< [apiv2][body] GET https://cloudfunctions.googleapis.com/v2/projects/testcase-89d6c/locations/us-central1/operations/operation-1728487982006-6240cf82a82a6-ae4ce649-044c500c {"name":"projects/testcase-89d6c/locations/us-central1/operations/operation-1728487982006-6240cf82a82a6-ae4ce649-044c500c","metadata":{"@type":"type.googleapis.com/google.cloud.functions.v2.OperationMetadata","createTime":"2024-10-09T15:33:02.470771940Z","target":"projects/testcase-89d6c/locations/us-central1/functions/testCaseApp","verb":"create","cancelRequested":false,"apiVersion":"v2","requestResource":{"@type":"type.googleapis.com/google.cloud.functions.v2.Function","name":"projects/testcase-89d6c/locations/us-central1/functions/testCaseApp","buildConfig":{"runtime":"nodejs18","entryPoint":"testCaseApp","source":{"storageSource":{"bucket":"gcf-v2-sources-584670232512-us-central1","object":"testCaseApp/function-source.zip","generation":"1728487982264881"}},"environmentVariables":{"GOOGLE_NODE_RUN_SCRIPTS":""},"serviceAccount":"projects/testcase-89d6c/serviceAccounts/584670232512-compute@developer.gserviceaccount.com","automaticUpdatePolicy":{}},"serviceConfig":{"service":"projects/testcase-89d6c/locations/us-central1/services/testcaseapp","timeoutSeconds":60,"environmentVariables":{"FIREBASE_CONFIG":"{\"projectId\":\"testcase-89d6c\",\"storageBucket\":\"testcase-89d6c.appspot.com\"}","GCLOUD_PROJECT":"testcase-89d6c","EVENTARC_CLOUD_EVENT_SOURCE":"projects/testcase-89d6c/locations/us-central1/services/testCaseApp","FUNCTION_TARGET":"testCaseApp","LOG_EXECUTION_ID":"true"},"ingressSettings":"ALLOW_ALL","serviceAccountEmail":"584670232512-compute@developer.gserviceaccount.com","availableMemory":"256Mi","maxInstanceRequestConcurrency":80,"availableCpu":"1"},"labels":{"deployment-tool":"cli-firebase","firebase-functions-hash":"1791ac3822859919fd092f15198fe9a1de0154dc"},"environment":"GEN_2"},"stages":[{"name":"BUILD","message":"Build in progress","state":"IN_PROGRESS","resource":"projects/584670232512/locations/us-central1/builds/8a5b0351-fdf8-4e2d-8011-169c34cf688c","resourceUri":"https://console.cloud.google.com/cloud-build/builds;region=us-central1/8a5b0351-fdf8-4e2d-8011-169c34cf688c?project=584670232512"},{"name":"SERVICE","state":"NOT_STARTED"}],"operationType":"CREATE_FUNCTION","buildName":"projects/584670232512/locations/us-central1/builds/8a5b0351-fdf8-4e2d-8011-169c34cf688c"},"done":false}
[debug] [2024-10-09T15:33:55.171Z] [create-default-us-central1-testCaseApp] Retrying task index 0
[debug] [2024-10-09T15:33:55.172Z] Checked if tokens are valid: true, expires at: 1728491580378
[debug] [2024-10-09T15:33:55.172Z] Checked if tokens are valid: true, expires at: 1728491580378
[debug] [2024-10-09T15:33:55.172Z] >>> [apiv2][query] GET https://cloudfunctions.googleapis.com/v2/projects/testcase-89d6c/locations/us-central1/operations/operation-1728487982006-6240cf82a82a6-ae4ce649-044c500c [none]
[debug] [2024-10-09T15:33:56.076Z] <<< [apiv2][status] GET https://cloudfunctions.googleapis.com/v2/projects/testcase-89d6c/locations/us-central1/operations/operation-1728487982006-6240cf82a82a6-ae4ce649-044c500c 200
[debug] [2024-10-09T15:33:56.077Z] <<< [apiv2][body] GET https://cloudfunctions.googleapis.com/v2/projects/testcase-89d6c/locations/us-central1/operations/operation-1728487982006-6240cf82a82a6-ae4ce649-044c500c {"name":"projects/testcase-89d6c/locations/us-central1/operations/operation-1728487982006-6240cf82a82a6-ae4ce649-044c500c","metadata":{"@type":"type.googleapis.com/google.cloud.functions.v2.OperationMetadata","createTime":"2024-10-09T15:33:02.470771940Z","target":"projects/testcase-89d6c/locations/us-central1/functions/testCaseApp","verb":"create","cancelRequested":false,"apiVersion":"v2","requestResource":{"@type":"type.googleapis.com/google.cloud.functions.v2.Function","name":"projects/testcase-89d6c/locations/us-central1/functions/testCaseApp","buildConfig":{"runtime":"nodejs18","entryPoint":"testCaseApp","source":{"storageSource":{"bucket":"gcf-v2-sources-584670232512-us-central1","object":"testCaseApp/function-source.zip","generation":"1728487982264881"}},"environmentVariables":{"GOOGLE_NODE_RUN_SCRIPTS":""},"serviceAccount":"projects/testcase-89d6c/serviceAccounts/584670232512-compute@developer.gserviceaccount.com","automaticUpdatePolicy":{}},"serviceConfig":{"service":"projects/testcase-89d6c/locations/us-central1/services/testcaseapp","timeoutSeconds":60,"environmentVariables":{"FIREBASE_CONFIG":"{\"projectId\":\"testcase-89d6c\",\"storageBucket\":\"testcase-89d6c.appspot.com\"}","GCLOUD_PROJECT":"testcase-89d6c","EVENTARC_CLOUD_EVENT_SOURCE":"projects/testcase-89d6c/locations/us-central1/services/testCaseApp","FUNCTION_TARGET":"testCaseApp","LOG_EXECUTION_ID":"true"},"ingressSettings":"ALLOW_ALL","serviceAccountEmail":"584670232512-compute@developer.gserviceaccount.com","availableMemory":"256Mi","maxInstanceRequestConcurrency":80,"availableCpu":"1"},"labels":{"deployment-tool":"cli-firebase","firebase-functions-hash":"1791ac3822859919fd092f15198fe9a1de0154dc"},"environment":"GEN_2"},"stages":[{"name":"BUILD","message":"Build in progress","state":"IN_PROGRESS","resource":"projects/584670232512/locations/us-central1/builds/8a5b0351-fdf8-4e2d-8011-169c34cf688c","resourceUri":"https://console.cloud.google.com/cloud-build/builds;region=us-central1/8a5b0351-fdf8-4e2d-8011-169c34cf688c?project=584670232512"},{"name":"SERVICE","state":"NOT_STARTED"}],"operationType":"CREATE_FUNCTION","buildName":"projects/584670232512/locations/us-central1/builds/8a5b0351-fdf8-4e2d-8011-169c34cf688c"},"done":false}
[debug] [2024-10-09T15:34:06.079Z] [create-default-us-central1-testCaseApp] Retrying task index 0
[debug] [2024-10-09T15:34:06.080Z] Checked if tokens are valid: true, expires at: 1728491580378
[debug] [2024-10-09T15:34:06.080Z] Checked if tokens are valid: true, expires at: 1728491580378
[debug] [2024-10-09T15:34:06.080Z] >>> [apiv2][query] GET https://cloudfunctions.googleapis.com/v2/projects/testcase-89d6c/locations/us-central1/operations/operation-1728487982006-6240cf82a82a6-ae4ce649-044c500c [none]
[debug] [2024-10-09T15:34:07.011Z] <<< [apiv2][status] GET https://cloudfunctions.googleapis.com/v2/projects/testcase-89d6c/locations/us-central1/operations/operation-1728487982006-6240cf82a82a6-ae4ce649-044c500c 200
[debug] [2024-10-09T15:34:07.011Z] <<< [apiv2][body] GET https://cloudfunctions.googleapis.com/v2/projects/testcase-89d6c/locations/us-central1/operations/operation-1728487982006-6240cf82a82a6-ae4ce649-044c500c {"name":"projects/testcase-89d6c/locations/us-central1/operations/operation-1728487982006-6240cf82a82a6-ae4ce649-044c500c","metadata":{"@type":"type.googleapis.com/google.cloud.functions.v2.OperationMetadata","createTime":"2024-10-09T15:33:02.470771940Z","target":"projects/testcase-89d6c/locations/us-central1/functions/testCaseApp","verb":"create","cancelRequested":false,"apiVersion":"v2","requestResource":{"@type":"type.googleapis.com/google.cloud.functions.v2.Function","name":"projects/testcase-89d6c/locations/us-central1/functions/testCaseApp","buildConfig":{"runtime":"nodejs18","entryPoint":"testCaseApp","source":{"storageSource":{"bucket":"gcf-v2-sources-584670232512-us-central1","object":"testCaseApp/function-source.zip","generation":"1728487982264881"}},"environmentVariables":{"GOOGLE_NODE_RUN_SCRIPTS":""},"serviceAccount":"projects/testcase-89d6c/serviceAccounts/584670232512-compute@developer.gserviceaccount.com","automaticUpdatePolicy":{}},"serviceConfig":{"service":"projects/testcase-89d6c/locations/us-central1/services/testcaseapp","timeoutSeconds":60,"environmentVariables":{"FIREBASE_CONFIG":"{\"projectId\":\"testcase-89d6c\",\"storageBucket\":\"testcase-89d6c.appspot.com\"}","GCLOUD_PROJECT":"testcase-89d6c","EVENTARC_CLOUD_EVENT_SOURCE":"projects/testcase-89d6c/locations/us-central1/services/testCaseApp","FUNCTION_TARGET":"testCaseApp","LOG_EXECUTION_ID":"true"},"ingressSettings":"ALLOW_ALL","serviceAccountEmail":"584670232512-compute@developer.gserviceaccount.com","availableMemory":"256Mi","maxInstanceRequestConcurrency":80,"availableCpu":"1"},"labels":{"deployment-tool":"cli-firebase","firebase-functions-hash":"1791ac3822859919fd092f15198fe9a1de0154dc"},"environment":"GEN_2"},"stages":[{"name":"BUILD","message":"Build in progress","state":"IN_PROGRESS","resource":"projects/584670232512/locations/us-central1/builds/8a5b0351-fdf8-4e2d-8011-169c34cf688c","resourceUri":"https://console.cloud.google.com/cloud-build/builds;region=us-central1/8a5b0351-fdf8-4e2d-8011-169c34cf688c?project=584670232512"},{"name":"SERVICE","state":"NOT_STARTED"}],"operationType":"CREATE_FUNCTION","buildName":"projects/584670232512/locations/us-central1/builds/8a5b0351-fdf8-4e2d-8011-169c34cf688c"},"done":false}
[debug] [2024-10-09T15:34:17.013Z] [create-default-us-central1-testCaseApp] Retrying task index 0
[debug] [2024-10-09T15:34:17.014Z] Checked if tokens are valid: true, expires at: 1728491580378
[debug] [2024-10-09T15:34:17.014Z] Checked if tokens are valid: true, expires at: 1728491580378
[debug] [2024-10-09T15:34:17.014Z] >>> [apiv2][query] GET https://cloudfunctions.googleapis.com/v2/projects/testcase-89d6c/locations/us-central1/operations/operation-1728487982006-6240cf82a82a6-ae4ce649-044c500c [none]
[debug] [2024-10-09T15:34:18.088Z] <<< [apiv2][status] GET https://cloudfunctions.googleapis.com/v2/projects/testcase-89d6c/locations/us-central1/operations/operation-1728487982006-6240cf82a82a6-ae4ce649-044c500c 200
[debug] [2024-10-09T15:34:18.088Z] <<< [apiv2][body] GET https://cloudfunctions.googleapis.com/v2/projects/testcase-89d6c/locations/us-central1/operations/operation-1728487982006-6240cf82a82a6-ae4ce649-044c500c {"name":"projects/testcase-89d6c/locations/us-central1/operations/operation-1728487982006-6240cf82a82a6-ae4ce649-044c500c","metadata":{"@type":"type.googleapis.com/google.cloud.functions.v2.OperationMetadata","createTime":"2024-10-09T15:33:02.470771940Z","target":"projects/testcase-89d6c/locations/us-central1/functions/testCaseApp","verb":"create","cancelRequested":false,"apiVersion":"v2","requestResource":{"@type":"type.googleapis.com/google.cloud.functions.v2.Function","name":"projects/testcase-89d6c/locations/us-central1/functions/testCaseApp","buildConfig":{"runtime":"nodejs18","entryPoint":"testCaseApp","source":{"storageSource":{"bucket":"gcf-v2-sources-584670232512-us-central1","object":"testCaseApp/function-source.zip","generation":"1728487982264881"}},"environmentVariables":{"GOOGLE_NODE_RUN_SCRIPTS":""},"serviceAccount":"projects/testcase-89d6c/serviceAccounts/584670232512-compute@developer.gserviceaccount.com","automaticUpdatePolicy":{}},"serviceConfig":{"service":"projects/testcase-89d6c/locations/us-central1/services/testcaseapp","timeoutSeconds":60,"environmentVariables":{"FIREBASE_CONFIG":"{\"projectId\":\"testcase-89d6c\",\"storageBucket\":\"testcase-89d6c.appspot.com\"}","GCLOUD_PROJECT":"testcase-89d6c","EVENTARC_CLOUD_EVENT_SOURCE":"projects/testcase-89d6c/locations/us-central1/services/testCaseApp","FUNCTION_TARGET":"testCaseApp","LOG_EXECUTION_ID":"true"},"ingressSettings":"ALLOW_ALL","serviceAccountEmail":"584670232512-compute@developer.gserviceaccount.com","availableMemory":"256Mi","maxInstanceRequestConcurrency":80,"availableCpu":"1"},"labels":{"deployment-tool":"cli-firebase","firebase-functions-hash":"1791ac3822859919fd092f15198fe9a1de0154dc"},"environment":"GEN_2"},"stages":[{"name":"BUILD","message":"Build in progress","state":"IN_PROGRESS","resource":"projects/584670232512/locations/us-central1/builds/8a5b0351-fdf8-4e2d-8011-169c34cf688c","resourceUri":"https://console.cloud.google.com/cloud-build/builds;region=us-central1/8a5b0351-fdf8-4e2d-8011-169c34cf688c?project=584670232512"},{"name":"SERVICE","state":"NOT_STARTED"}],"operationType":"CREATE_FUNCTION","buildName":"projects/584670232512/locations/us-central1/builds/8a5b0351-fdf8-4e2d-8011-169c34cf688c"},"done":false}
[debug] [2024-10-09T15:34:28.090Z] [create-default-us-central1-testCaseApp] Retrying task index 0
[debug] [2024-10-09T15:34:28.091Z] Checked if tokens are valid: true, expires at: 1728491580378
[debug] [2024-10-09T15:34:28.091Z] Checked if tokens are valid: true, expires at: 1728491580378
[debug] [2024-10-09T15:34:28.091Z] >>> [apiv2][query] GET https://cloudfunctions.googleapis.com/v2/projects/testcase-89d6c/locations/us-central1/operations/operation-1728487982006-6240cf82a82a6-ae4ce649-044c500c [none]
[debug] [2024-10-09T15:34:29.120Z] <<< [apiv2][status] GET https://cloudfunctions.googleapis.com/v2/projects/testcase-89d6c/locations/us-central1/operations/operation-1728487982006-6240cf82a82a6-ae4ce649-044c500c 200
[debug] [2024-10-09T15:34:29.120Z] <<< [apiv2][body] GET https://cloudfunctions.googleapis.com/v2/projects/testcase-89d6c/locations/us-central1/operations/operation-1728487982006-6240cf82a82a6-ae4ce649-044c500c {"name":"projects/testcase-89d6c/locations/us-central1/operations/operation-1728487982006-6240cf82a82a6-ae4ce649-044c500c","metadata":{"@type":"type.googleapis.com/google.cloud.functions.v2.OperationMetadata","createTime":"2024-10-09T15:33:02.470771940Z","target":"projects/testcase-89d6c/locations/us-central1/functions/testCaseApp","verb":"create","cancelRequested":false,"apiVersion":"v2","requestResource":{"@type":"type.googleapis.com/google.cloud.functions.v2.Function","name":"projects/testcase-89d6c/locations/us-central1/functions/testCaseApp","buildConfig":{"runtime":"nodejs18","entryPoint":"testCaseApp","source":{"storageSource":{"bucket":"gcf-v2-sources-584670232512-us-central1","object":"testCaseApp/function-source.zip","generation":"1728487982264881"}},"environmentVariables":{"GOOGLE_NODE_RUN_SCRIPTS":""},"serviceAccount":"projects/testcase-89d6c/serviceAccounts/584670232512-compute@developer.gserviceaccount.com","automaticUpdatePolicy":{}},"serviceConfig":{"service":"projects/testcase-89d6c/locations/us-central1/services/testcaseapp","timeoutSeconds":60,"environmentVariables":{"FIREBASE_CONFIG":"{\"projectId\":\"testcase-89d6c\",\"storageBucket\":\"testcase-89d6c.appspot.com\"}","GCLOUD_PROJECT":"testcase-89d6c","EVENTARC_CLOUD_EVENT_SOURCE":"projects/testcase-89d6c/locations/us-central1/services/testCaseApp","FUNCTION_TARGET":"testCaseApp","LOG_EXECUTION_ID":"true"},"ingressSettings":"ALLOW_ALL","serviceAccountEmail":"584670232512-compute@developer.gserviceaccount.com","availableMemory":"256Mi","maxInstanceRequestConcurrency":80,"availableCpu":"1"},"labels":{"deployment-tool":"cli-firebase","firebase-functions-hash":"1791ac3822859919fd092f15198fe9a1de0154dc"},"environment":"GEN_2"},"stages":[{"name":"BUILD","message":"Build in progress","state":"IN_PROGRESS","resource":"projects/584670232512/locations/us-central1/builds/8a5b0351-fdf8-4e2d-8011-169c34cf688c","resourceUri":"https://console.cloud.google.com/cloud-build/builds;region=us-central1/8a5b0351-fdf8-4e2d-8011-169c34cf688c?project=584670232512"},{"name":"SERVICE","state":"NOT_STARTED"}],"operationType":"CREATE_FUNCTION","buildName":"projects/584670232512/locations/us-central1/builds/8a5b0351-fdf8-4e2d-8011-169c34cf688c"},"done":false}
